<?xml version="1.0" encoding="utf-8" standalone="no"?>
<test-results xmlns:xsi="http://www.w3.org/2001/XMLSchema-instance" xsi:noNamespaceSchemaLocation="nunit_schema_2.5.xsd" name="Pester" total="2" errors="0" failures="1" not-run="0" inconclusive="0" ignored="0" skipped="0" invalid="0" date="2020-06-22" time="12:40:39">
  <environment clr-version="4.0.30319.42000" user-domain="DESKTOP-9SQIGGC" cwd="C:\htdocs\pester-tests" platform="Microsoft Windows 10 Pro|C:\Windows|\Device\Harddisk3\Partition2" machine-name="DESKTOP-9SQIGGC" nunit-version="2.5.8.0" os-version="10.0.18363" user="bart-" />
  <culture-info current-culture="en-US" current-uiculture="en-US" />
  <test-suite type="TestFixture" name="Pester" executed="True" result="Failure" success="False" time="0.4014" asserts="0" description="Pester">
    <results>
      <test-suite type="TestFixture" name="C:\htdocs\pester-tests\tests\Get-Emoji.Tests.ps1" executed="True" result="Failure" success="False" time="0.4014" asserts="0" description="C:\htdocs\pester-tests\tests\Get-Emoji.Tests.ps1">
        <results>
          <test-suite type="TestFixture" name="Get-Emoji" executed="True" result="Failure" success="False" time="0.3822" asserts="0" description="Get-Emoji">
            <results>
              <test-case description="Gets beer" name="Get-Emoji.Gets beer" time="0.0152" asserts="0" success="False" result="Failure" executed="True">
                <failure>
                  <message>Expected strings to be the same, but they were different.
String lengths are both 4.
Strings differ at index 2.
Expected: 'ðŸº'
But was:  'ðŸŒµ'
at Get-Emoji -Emoji beer | Should -Be 'ðŸº', C:\htdocs\pester-tests\tests\Get-Emoji.Tests.ps1:7</message>
                  <stack-trace>at &lt;ScriptBlock&gt;, C:\htdocs\pester-tests\tests\Get-Emoji.Tests.ps1:7</stack-trace>
                </failure>
              </test-case>
              <test-case description="Gets cactus" name="Get-Emoji.Gets cactus" time="0.0076" asserts="0" success="True" result="Success" executed="True" />
            </results>
          </test-suite>
        </results>
      </test-suite>
    </results>
  </test-suite>
</test-results>
